2019-02-18 00:10:24,468 INFO [SchbAvMaSample]            BasicBook.java:497  | 1 sheet in /var/folders/fw/m4fz_dc96t5bvlzqr06frfs80000gn/T/0/SchbAvMaSample.pdf
2019-02-18 00:10:24,839 INFO []            BasicBook.java:1501 | Stored /book.xml
2019-02-18 00:10:24,839 INFO []            BasicBook.java:1461 | Book stored as /Users/lujiwen/go/src/audiveris-wrapper/data/sheet-xml/0/SchbAvMaSample/SchbAvMaSample.omr
2019-02-18 00:10:24,841 INFO []            BasicBook.java:1112 | Book reaching PAGE on sheets:[#1]
2019-02-18 00:10:24,841 INFO [SchbAvMaSample]       StepMonitoring.java:96   | LOAD
2019-02-18 00:10:24,909 INFO [SchbAvMaSample]            BasicBook.java:1027 | Loaded image 1 2549x3299 from /var/folders/fw/m4fz_dc96t5bvlzqr06frfs80000gn/T/0/SchbAvMaSample.pdf
2019-02-18 00:10:24,912 INFO [SchbAvMaSample]            BasicBook.java:1501 | Stored /book.xml
2019-02-18 00:10:24,913 INFO [SchbAvMaSample]           BasicSheet.java:1038 | Stored /sheet#1/sheet#1.xml
2019-02-18 00:10:24,914 INFO [SchbAvMaSample]       StepMonitoring.java:96   | BINARY
2019-02-18 00:10:25,718 INFO [SchbAvMaSample]            BasicBook.java:1501 | Stored /book.xml
2019-02-18 00:10:26,136 INFO [SchbAvMaSample]              Picture.java:797  | Stored /sheet#1/BINARY.xml
2019-02-18 00:10:26,137 INFO [SchbAvMaSample]           BasicSheet.java:1038 | Stored /sheet#1/sheet#1.xml
2019-02-18 00:10:26,138 INFO [SchbAvMaSample]       StepMonitoring.java:96   | SCALE
2019-02-18 00:10:26,147 INFO [SchbAvMaSample]            ScaleStep.java:87   | Scale{line(1,2,3) interline(18,19,19) beam(10)}
2019-02-18 00:10:26,148 INFO [SchbAvMaSample]            BasicBook.java:1501 | Stored /book.xml
2019-02-18 00:10:26,150 INFO [SchbAvMaSample]           BasicSheet.java:1038 | Stored /sheet#1/sheet#1.xml
2019-02-18 00:10:26,151 INFO [SchbAvMaSample]       StepMonitoring.java:96   | GRID
2019-02-18 00:10:27,107 INFO [SchbAvMaSample]       LinesRetriever.java:444  | Global slope: 0.00000
2019-02-18 00:10:27,143 INFO [SchbAvMaSample]    ClustersRetriever.java:818  | Pairing clusters CC3 & CC160
2019-02-18 00:10:27,152 INFO [SchbAvMaSample]    ClustersRetriever.java:242  | Retrieved line clusters: 11 of size: 5 with interline: (18,19,19)
2019-02-18 00:10:27,944 INFO [SchbAvMaSample]            PeakGraph.java:181  | Systems: #1[1, 2] #2[3, 4, 5] #3[6, 7, 8] #4[9, 10, 11]
2019-02-18 00:10:28,944 INFO [SchbAvMaSample]        SystemManager.java:662  | Indentation detected for system#1
2019-02-18 00:10:28,944 INFO [SchbAvMaSample]        SystemManager.java:745  | 2 parts along 4 systems
2019-02-18 00:10:28,945 INFO [SchbAvMaSample]            BasicBook.java:1501 | Stored /book.xml
2019-02-18 00:10:29,005 INFO [SchbAvMaSample]           BasicSheet.java:1038 | Stored /sheet#1/sheet#1.xml
2019-02-18 00:10:29,007 INFO [SchbAvMaSample]       StepMonitoring.java:96   | HEADERS
2019-02-18 00:10:29,429 INFO [SchbAvMaSample]            BasicBook.java:1501 | Stored /book.xml
2019-02-18 00:10:29,552 INFO [SchbAvMaSample]           BasicSheet.java:1038 | Stored /sheet#1/sheet#1.xml
2019-02-18 00:10:29,554 INFO [SchbAvMaSample]       StepMonitoring.java:96   | STEM_SEEDS
2019-02-18 00:10:29,636 INFO [SchbAvMaSample]        StemSeedsStep.java:92   | stem(3 max:4)
2019-02-18 00:10:29,656 INFO [SchbAvMaSample]            BasicBook.java:1501 | Stored /book.xml
2019-02-18 00:10:29,811 INFO [SchbAvMaSample]           BasicSheet.java:1038 | Stored /sheet#1/sheet#1.xml
2019-02-18 00:10:29,814 INFO [SchbAvMaSample]       StepMonitoring.java:96   | BEAMS
2019-02-18 00:10:35,568 INFO [SchbAvMaSample]       BlackHeadSizer.java:99   | Spots black-head retrieval diameter: 17.1
2019-02-18 00:10:36,167 INFO [SchbAvMaSample]       BlackHeadSizer.java:251  | Core black head count: 112 blackHead(width:23.0~0.4 height:19.7~1.2)
2019-02-18 00:10:36,167 INFO [SchbAvMaSample]       BlackHeadSizer.java:256  | MusicFont{name:MusicalSymbols pointSize:77}
2019-02-18 00:10:36,351 INFO [SchbAvMaSample]            BeamsStep.java:89   | BeamDistance{count:37 mean:14.12 stdDev:0.29}
2019-02-18 00:10:36,355 INFO [SchbAvMaSample]            BasicBook.java:1501 | Stored /book.xml
2019-02-18 00:10:36,437 INFO [SchbAvMaSample]              Picture.java:797  | Stored /sheet#1/HEAD_SPOTS.xml
2019-02-18 00:10:37,092 INFO [SchbAvMaSample]           BasicSheet.java:1038 | Stored /sheet#1/sheet#1.xml
2019-02-18 00:10:37,095 INFO [SchbAvMaSample]       StepMonitoring.java:96   | LEDGERS
2019-02-18 00:10:38,438 INFO [SchbAvMaSample]            BasicBook.java:1501 | Stored /book.xml
2019-02-18 00:10:38,868 INFO [SchbAvMaSample]           BasicSheet.java:1038 | Stored /sheet#1/sheet#1.xml
2019-02-18 00:10:38,870 INFO [SchbAvMaSample]       StepMonitoring.java:96   | HEADS
2019-02-18 00:10:51,374 INFO [SchbAvMaSample]            BasicBook.java:1501 | Stored /book.xml
2019-02-18 00:10:52,209 INFO [SchbAvMaSample]           BasicSheet.java:1038 | Stored /sheet#1/sheet#1.xml
2019-02-18 00:10:52,214 INFO [SchbAvMaSample]       StepMonitoring.java:96   | STEMS
2019-02-18 00:10:53,691 INFO [SchbAvMaSample]            BasicBook.java:1501 | Stored /book.xml
2019-02-18 00:10:54,657 INFO [SchbAvMaSample]           BasicSheet.java:1038 | Stored /sheet#1/sheet#1.xml
2019-02-18 00:10:54,659 INFO [SchbAvMaSample]       StepMonitoring.java:96   | REDUCTION
2019-02-18 00:10:54,837 INFO [SchbAvMaSample]            BasicBook.java:1501 | Stored /book.xml
2019-02-18 00:10:55,793 INFO [SchbAvMaSample]           BasicSheet.java:1038 | Stored /sheet#1/sheet#1.xml
2019-02-18 00:10:55,795 INFO [SchbAvMaSample]       StepMonitoring.java:96   | CUE_BEAMS
2019-02-18 00:10:55,796 INFO [SchbAvMaSample]            BasicBook.java:1501 | Stored /book.xml
2019-02-18 00:10:56,726 INFO [SchbAvMaSample]           BasicSheet.java:1038 | Stored /sheet#1/sheet#1.xml
2019-02-18 00:10:56,730 INFO [SchbAvMaSample]       StepMonitoring.java:96   | TEXTS
2019-02-18 00:11:05,594 INFO [SchbAvMaSample]            BasicBook.java:1501 | Stored /book.xml
2019-02-18 00:11:06,516 INFO [SchbAvMaSample]           BasicSheet.java:1038 | Stored /sheet#1/sheet#1.xml
2019-02-18 00:11:06,520 INFO [SchbAvMaSample]       StepMonitoring.java:96   | MEASURES
2019-02-18 00:11:06,521 INFO [SchbAvMaSample]                 Page.java:260  | 9 raw measures: [2 in system#1, 3 in system#2, 2 in system#3, 2 in system#4]
2019-02-18 00:11:06,522 INFO [SchbAvMaSample]            BasicBook.java:1501 | Stored /book.xml
2019-02-18 00:11:07,440 INFO [SchbAvMaSample]           BasicSheet.java:1038 | Stored /sheet#1/sheet#1.xml
2019-02-18 00:11:07,441 INFO [SchbAvMaSample]       StepMonitoring.java:96   | CHORDS
2019-02-18 00:11:07,463 INFO [SchbAvMaSample]        ChordsBuilder.java:282  | Deleting StemInter{#4683(0.733/0.797)} on RIGHT side of HeadInter{#3953(0.621/0.843) s:10 p:-1.00 NOTEHEAD_BLACK}
2019-02-18 00:11:07,467 INFO [SchbAvMaSample]            BasicBook.java:1501 | Stored /book.xml
2019-02-18 00:11:08,437 INFO [SchbAvMaSample]           BasicSheet.java:1038 | Stored /sheet#1/sheet#1.xml
2019-02-18 00:11:08,439 INFO [SchbAvMaSample]       StepMonitoring.java:96   | CURVES
2019-02-18 00:11:09,873 INFO [SchbAvMaSample]         SlursBuilder.java:157  | Slurs: 18
2019-02-18 00:11:09,892 INFO [SchbAvMaSample]      SegmentsBuilder.java:114  | Segments: 20
2019-02-18 00:11:09,894 INFO [SchbAvMaSample]            BasicBook.java:1501 | Stored /book.xml
2019-02-18 00:11:11,265 INFO [SchbAvMaSample]           BasicSheet.java:1038 | Stored /sheet#1/sheet#1.xml
2019-02-18 00:11:11,267 INFO [SchbAvMaSample]       StepMonitoring.java:96   | SYMBOLS
2019-02-18 00:11:12,042 INFO [SchbAvMaSample]            BasicBook.java:1501 | Stored /book.xml
2019-02-18 00:11:13,456 INFO [SchbAvMaSample]           BasicSheet.java:1038 | Stored /sheet#1/sheet#1.xml
2019-02-18 00:11:13,458 INFO [SchbAvMaSample]       StepMonitoring.java:96   | LINKS
2019-02-18 00:11:13,478 INFO [SchbAvMaSample]        SymbolsLinker.java:162  | No chord near direction SentenceInter{#4936(0.651) s:3 S-39 Direction} col Pedale
2019-02-18 00:11:13,545 INFO [SchbAvMaSample]            BasicBook.java:1501 | Stored /book.xml
2019-02-18 00:11:15,297 INFO [SchbAvMaSample]           BasicSheet.java:1038 | Stored /sheet#1/sheet#1.xml
2019-02-18 00:11:15,301 INFO [SchbAvMaSample]       StepMonitoring.java:96   | RHYTHMS
2019-02-18 00:11:15,330 INFO [SchbAvMaSample]         SlotsBuilder.java:401  | Stack#4 suspicious Slot{#11 xOffset=486 timeOffset=5/8 incomings=[#5584]}
2019-02-18 00:11:15,340 INFO [SchbAvMaSample]         SlotsBuilder.java:401  | Stack#5 suspicious Slot{#20 xOffset=801 timeOffset=19/16 incomings=[#5611]}
2019-02-18 00:11:15,354 INFO [SchbAvMaSample]         SlotsBuilder.java:401  | Stack#6 suspicious Slot{#16 xOffset=782 timeOffset=15/16 incomings=[#5656#7055]}
2019-02-18 00:11:15,364 INFO [SchbAvMaSample]         SlotsBuilder.java:401  | Stack#7 suspicious Slot{#10 xOffset=394 timeOffset=9/16 incomings=[#5671#7061]}
2019-02-18 00:11:15,382 INFO [SchbAvMaSample]         SlotsBuilder.java:401  | Stack#8 suspicious Slot{#11 xOffset=555 timeOffset=5/8 incomings=[#5720]}
2019-02-18 00:11:15,398 INFO [SchbAvMaSample]           PageRhythm.java:380  | Range{1-9 ts:4/4 dur:1} guess:1
2019-02-18 00:11:15,410 INFO [SchbAvMaSample]                Voice.java:264  | S1 {Measure#1P1} Voice #1 too long 1/2
2019-02-18 00:11:15,410 INFO [SchbAvMaSample]                Voice.java:264  | S1 {Measure#1P1} Voice #2 too long 1/2
2019-02-18 00:11:15,410 INFO [SchbAvMaSample]                Voice.java:264  | S1 {Measure#1P1} Voice #5 too long 7/16
2019-02-18 00:11:15,411 INFO [SchbAvMaSample]           StackTuner.java:92   | S1 MeasureStack#1 no correct rhythm
2019-02-18 00:11:15,420 INFO [SchbAvMaSample]                Voice.java:264  | S1 {Measure#2P1} Voice #1 too long 1/2
2019-02-18 00:11:15,420 INFO [SchbAvMaSample]                Voice.java:264  | S1 {Measure#2P1} Voice #5 too long 7/16
2019-02-18 00:11:15,421 INFO [SchbAvMaSample]           StackTuner.java:92   | S1 MeasureStack#2 no correct rhythm
2019-02-18 00:11:15,434 INFO [SchbAvMaSample]         SlotsBuilder.java:432  | S2 MeasureStack#4 Slot{#24 xOffset=1003 timeOffset=11/8 incomings=[#6990#5594#5595] SUSPICIOUS}
2019-02-18 00:11:15,435 INFO [SchbAvMaSample]                Voice.java:264  | S2 {Measure#4P1} Voice #1 too long 5/8
2019-02-18 00:11:15,435 INFO [SchbAvMaSample]                Voice.java:264  | S2 {Measure#4P2} Voice #1 too long 7/16
2019-02-18 00:11:15,436 INFO [SchbAvMaSample]                Voice.java:264  | S2 {Measure#4P2} Voice #5 too long 7/16
2019-02-18 00:11:15,436 INFO [SchbAvMaSample]           StackTuner.java:92   | S2 MeasureStack#4 no correct rhythm
2019-02-18 00:11:15,447 INFO [SchbAvMaSample]         SlotsBuilder.java:432  | S2 MeasureStack#5 Slot{#24 xOffset=888 timeOffset=21/16 incomings=[#5613] SUSPICIOUS}
2019-02-18 00:11:15,447 INFO [SchbAvMaSample]         SlotsBuilder.java:439  | Stack#5 endless loop detected
2019-02-18 00:11:15,447 INFO [SchbAvMaSample]                Voice.java:264  | S2 {Measure#5P1} Voice #1 too long 5/16
2019-02-18 00:11:15,448 INFO [SchbAvMaSample]                Voice.java:264  | S2 {Measure#5P2} Voice #1 too long 3/8
2019-02-18 00:11:15,448 INFO [SchbAvMaSample]                Voice.java:264  | S2 {Measure#5P2} Voice #5 too long 3/8
2019-02-18 00:11:15,448 INFO [SchbAvMaSample]           StackTuner.java:92   | S2 MeasureStack#5 no correct rhythm
2019-02-18 00:11:15,458 INFO [SchbAvMaSample]         SlotsBuilder.java:439  | Stack#6 endless loop detected
2019-02-18 00:11:15,458 INFO [SchbAvMaSample]                Voice.java:264  | S3 {Measure#6P2} Voice #5 too long 1/16
2019-02-18 00:11:15,459 INFO [SchbAvMaSample]           StackTuner.java:92   | S3 MeasureStack#6 no correct rhythm
2019-02-18 00:11:15,467 INFO [SchbAvMaSample]         SlotsBuilder.java:432  | S3 MeasureStack#7 Slot{#12 xOffset=438 timeOffset=5/8 incomings=[#5672] SUSPICIOUS}
2019-02-18 00:11:15,469 INFO [SchbAvMaSample]         SlotsBuilder.java:432  | S3 MeasureStack#7 Slot{#19 xOffset=673 timeOffset=1 incomings=[#5677] SUSPICIOUS}
2019-02-18 00:11:15,471 INFO [SchbAvMaSample]                Voice.java:264  | S3 {Measure#7P1} Voice #1 too long 1/2
2019-02-18 00:11:15,472 INFO [SchbAvMaSample]                Voice.java:264  | S3 {Measure#7P2} Voice #1 too long 1/2
2019-02-18 00:11:15,472 INFO [SchbAvMaSample]                Voice.java:264  | S3 {Measure#7P2} Voice #5 too long 7/16
2019-02-18 00:11:15,472 INFO [SchbAvMaSample]           StackTuner.java:92   | S3 MeasureStack#7 no correct rhythm
2019-02-18 00:11:15,482 INFO [SchbAvMaSample]         SlotsBuilder.java:432  | S4 MeasureStack#8 Slot{#19 xOffset=785 timeOffset=1 incomings=[#5725] SUSPICIOUS}
2019-02-18 00:11:15,487 INFO [SchbAvMaSample]         SlotsBuilder.java:432  | S4 MeasureStack#8 Slot{#23 xOffset=917 timeOffset=19/16 incomings=[#5727] SUSPICIOUS}
2019-02-18 00:11:15,487 INFO [SchbAvMaSample]         SlotsBuilder.java:432  | S4 MeasureStack#8 Slot{#25 xOffset=986 timeOffset=5/4 incomings=[#5728] SUSPICIOUS}
2019-02-18 00:11:15,489 INFO [SchbAvMaSample]                Voice.java:264  | S4 {Measure#8P1} Voice #1 too long 1/2
2019-02-18 00:11:15,489 INFO [SchbAvMaSample]                Voice.java:264  | S4 {Measure#8P2} Voice #1 too long 1/2
2019-02-18 00:11:15,490 INFO [SchbAvMaSample]                Voice.java:264  | S4 {Measure#8P2} Voice #5 too long 7/16
2019-02-18 00:11:15,490 INFO [SchbAvMaSample]           StackTuner.java:92   | S4 MeasureStack#8 no correct rhythm
2019-02-18 00:11:15,505 INFO [SchbAvMaSample]                Voice.java:264  | S4 {Measure#9P1} Voice #1 too long 7/16
2019-02-18 00:11:15,505 INFO [SchbAvMaSample]                Voice.java:264  | S4 {Measure#9P2} Voice #1 too long 1/2
2019-02-18 00:11:15,505 INFO [SchbAvMaSample]                Voice.java:264  | S4 {Measure#9P2} Voice #5 too long 7/16
2019-02-18 00:11:15,505 INFO [SchbAvMaSample]           StackTuner.java:92   | S4 MeasureStack#9 no correct rhythm
2019-02-18 00:11:15,507 INFO [SchbAvMaSample]            BasicBook.java:1501 | Stored /book.xml
2019-02-18 00:11:16,996 INFO [SchbAvMaSample]           BasicSheet.java:1038 | Stored /sheet#1/sheet#1.xml
2019-02-18 00:11:17,000 INFO [SchbAvMaSample]       StepMonitoring.java:96   | PAGE
2019-02-18 00:11:17,001 INFO [SchbAvMaSample]                Voice.java:264  | S1 {Measure#1P2} Voice #1 too long 1/2
2019-02-18 00:11:17,001 INFO [SchbAvMaSample]                Voice.java:264  | S1 {Measure#1P2} Voice #2 too long 1/2
2019-02-18 00:11:17,002 INFO [SchbAvMaSample]                Voice.java:264  | S1 {Measure#1P2} Voice #5 too long 7/16
2019-02-18 00:11:17,002 INFO [SchbAvMaSample]                Voice.java:264  | S1 {Measure#2P2} Voice #1 too long 1/2
2019-02-18 00:11:17,002 INFO [SchbAvMaSample]                Voice.java:264  | S1 {Measure#2P2} Voice #5 too long 7/16
2019-02-18 00:11:17,002 INFO [SchbAvMaSample]                Voice.java:264  | S2 {Measure#4P1} Voice #1 too long 5/8
2019-02-18 00:11:17,003 INFO [SchbAvMaSample]                Voice.java:264  | S2 {Measure#4P2} Voice #1 too long 7/16
2019-02-18 00:11:17,003 INFO [SchbAvMaSample]                Voice.java:264  | S2 {Measure#4P2} Voice #5 too long 7/16
2019-02-18 00:11:17,003 INFO [SchbAvMaSample]                Voice.java:264  | S2 {Measure#5P1} Voice #1 too long 5/16
2019-02-18 00:11:17,003 INFO [SchbAvMaSample]                Voice.java:264  | S2 {Measure#5P2} Voice #1 too long 3/8
2019-02-18 00:11:17,004 INFO [SchbAvMaSample]                Voice.java:264  | S2 {Measure#5P2} Voice #5 too long 3/8
2019-02-18 00:11:17,004 INFO [SchbAvMaSample]                Voice.java:264  | S3 {Measure#6P2} Voice #5 too long 1/16
2019-02-18 00:11:17,004 INFO [SchbAvMaSample]                Voice.java:264  | S3 {Measure#7P1} Voice #1 too long 1/2
2019-02-18 00:11:17,004 INFO [SchbAvMaSample]                Voice.java:264  | S3 {Measure#7P2} Voice #1 too long 1/2
2019-02-18 00:11:17,004 INFO [SchbAvMaSample]                Voice.java:264  | S3 {Measure#7P2} Voice #5 too long 7/16
2019-02-18 00:11:17,005 INFO [SchbAvMaSample]                Voice.java:264  | S4 {Measure#8P1} Voice #1 too long 1/2
2019-02-18 00:11:17,005 INFO [SchbAvMaSample]                Voice.java:264  | S4 {Measure#8P2} Voice #1 too long 1/2
2019-02-18 00:11:17,005 INFO [SchbAvMaSample]                Voice.java:264  | S4 {Measure#8P2} Voice #5 too long 7/16
2019-02-18 00:11:17,005 INFO [SchbAvMaSample]                Voice.java:264  | S4 {Measure#9P1} Voice #1 too long 7/16
2019-02-18 00:11:17,005 INFO [SchbAvMaSample]                Voice.java:264  | S4 {Measure#9P2} Voice #1 too long 1/2
2019-02-18 00:11:17,006 INFO [SchbAvMaSample]                Voice.java:264  | S4 {Measure#9P2} Voice #5 too long 7/16
2019-02-18 00:11:17,007 INFO [SchbAvMaSample]            BasicBook.java:1501 | Stored /book.xml
2019-02-18 00:11:18,228 INFO [SchbAvMaSample]           BasicSheet.java:1038 | Stored /sheet#1/sheet#1.xml
2019-02-18 00:11:18,230 INFO [SchbAvMaSample]            BasicStub.java:758  | Sheet{SchbAvMaSample} disposed
2019-02-18 00:11:19,654 INFO [SchbAvMaSample]            BasicStub.java:484  | Loaded /sheet#1/sheet#1.xml
2019-02-18 00:11:19,656 INFO [SchbAvMaSample]            BasicBook.java:1233 | Scores built: 1
2019-02-18 00:11:19,657 INFO [SchbAvMaSample]                 Part.java:285  | Sheet#1 System#1 {Part#2 staves[1,2] name:SentenceInter{#4866(0.699/0.699) s:1 S-37 PartName}} dummyPart id: 1
2019-02-18 00:11:19,727 INFO [SchbAvMaSample]        ScoreExporter.java:93   | Score SchbAvMaSample exported to /Users/lujiwen/go/src/audiveris-wrapper/data/sheet-xml/0/SchbAvMaSample/SchbAvMaSample.xml
2019-02-18 00:11:19,841 INFO [SchbAvMaSample]            BasicBook.java:1501 | Stored /book.xml
2019-02-18 00:11:19,841 INFO [SchbAvMaSample]            BasicBook.java:1461 | Book stored as /Users/lujiwen/go/src/audiveris-wrapper/data/sheet-xml/0/SchbAvMaSample/SchbAvMaSample.omr
