2019-02-17 23:33:08,866 INFO [SchbAvMaSample]            BasicBook.java:497  | 1 sheet in /var/folders/fw/m4fz_dc96t5bvlzqr06frfs80000gn/T/1/SchbAvMaSample.pdf
2019-02-17 23:33:09,477 INFO []            BasicBook.java:1501 | Stored /book.xml
2019-02-17 23:33:09,480 INFO []            BasicBook.java:1461 | Book stored as /Users/lujiwen/go/src/audiveris-wrapper/data/sheet-xml/0/qingghuaci/data/sheet-xml/1/SchbAvMaSample/SchbAvMaSample.omr
2019-02-17 23:33:09,482 INFO []            BasicBook.java:1112 | Book reaching PAGE on sheets:[#1]
2019-02-17 23:33:09,484 INFO [SchbAvMaSample]       StepMonitoring.java:96   | LOAD
2019-02-17 23:33:09,583 WARN [SchbAvMaSample]            BasicStub.java:614  | Error in performing [LOAD, BINARY, SCALE, GRID, HEADERS, STEM_SEEDS, BEAMS, LEDGERS, HEADS, STEMS, REDUCTION, CUE_BEAMS, TEXTS, MEASURES, CHORDS, CURVES, SYMBOLS, LINKS, RHYTHMS, PAGE] java.util.concurrent.ExecutionException: java.lang.NoClassDefFoundError: Could not initialize class de.intarsys.cwt.freetype.Freetype
java.util.concurrent.ExecutionException: java.lang.NoClassDefFoundError: Could not initialize class de.intarsys.cwt.freetype.Freetype
	at java.util.concurrent.FutureTask.report(FutureTask.java:122)
	at java.util.concurrent.FutureTask.get(FutureTask.java:206)
	at org.audiveris.omr.sheet.BasicStub.doOneStep(BasicStub.java:887)
	at org.audiveris.omr.sheet.BasicStub.reachStep(BasicStub.java:601)
	at org.audiveris.omr.sheet.BasicBook.reachBookStep(BasicBook.java:1179)
	at org.audiveris.omr.sheet.BasicBook.transcribe(BasicBook.java:1552)
	at org.audiveris.omr.sheet.BasicBook.export(BasicBook.java:628)
	at org.audiveris.omr.CLI$ProcessingTask.processBook(CLI.java:791)
	at org.audiveris.omr.CLI$CliTask.call(CLI.java:350)
	at org.audiveris.omr.Main.runBatchTasks(Main.java:316)
	at org.audiveris.omr.Main.main(Main.java:155)
	at com.audiveris.wrapper.wrapper.TranscribeController.transcribe(TranscribeController.kt:36)
	at sun.reflect.NativeMethodAccessorImpl.invoke0(Native Method)
	at sun.reflect.NativeMethodAccessorImpl.invoke(NativeMethodAccessorImpl.java:62)
	at sun.reflect.DelegatingMethodAccessorImpl.invoke(DelegatingMethodAccessorImpl.java:43)
	at java.lang.reflect.Method.invoke(Method.java:498)
	at org.springframework.web.method.support.InvocableHandlerMethod.doInvoke(InvocableHandlerMethod.java:205)
	at org.springframework.web.method.support.InvocableHandlerMethod.invokeForRequest(InvocableHandlerMethod.java:133)
	at org.springframework.web.servlet.mvc.method.annotation.ServletInvocableHandlerMethod.invokeAndHandle(ServletInvocableHandlerMethod.java:97)
	at org.springframework.web.servlet.mvc.method.annotation.RequestMappingHandlerAdapter.invokeHandlerMethod(RequestMappingHandlerAdapter.java:827)
	at org.springframework.web.servlet.mvc.method.annotation.RequestMappingHandlerAdapter.handleInternal(RequestMappingHandlerAdapter.java:738)
	at org.springframework.web.servlet.mvc.method.AbstractHandlerMethodAdapter.handle(AbstractHandlerMethodAdapter.java:85)
	at org.springframework.web.servlet.DispatcherServlet.doDispatch(DispatcherServlet.java:967)
	at org.springframework.web.servlet.DispatcherServlet.doService(DispatcherServlet.java:901)
	at org.springframework.web.servlet.FrameworkServlet.processRequest(FrameworkServlet.java:970)
	at org.springframework.web.servlet.FrameworkServlet.doPost(FrameworkServlet.java:872)
	at javax.servlet.http.HttpServlet.service(HttpServlet.java:661)
	at org.springframework.web.servlet.FrameworkServlet.service(FrameworkServlet.java:846)
	at javax.servlet.http.HttpServlet.service(HttpServlet.java:742)
	at org.apache.catalina.core.ApplicationFilterChain.internalDoFilter(ApplicationFilterChain.java:231)
	at org.apache.catalina.core.ApplicationFilterChain.doFilter(ApplicationFilterChain.java:166)
	at org.apache.tomcat.websocket.server.WsFilter.doFilter(WsFilter.java:52)
	at org.apache.catalina.core.ApplicationFilterChain.internalDoFilter(ApplicationFilterChain.java:193)
	at org.apache.catalina.core.ApplicationFilterChain.doFilter(ApplicationFilterChain.java:166)
	at org.springframework.web.filter.CharacterEncodingFilter.doFilterInternal(CharacterEncodingFilter.java:197)
	at org.springframework.web.filter.OncePerRequestFilter.doFilter(OncePerRequestFilter.java:107)
	at org.apache.catalina.core.ApplicationFilterChain.internalDoFilter(ApplicationFilterChain.java:193)
	at org.apache.catalina.core.ApplicationFilterChain.doFilter(ApplicationFilterChain.java:166)
	at org.apache.catalina.core.StandardWrapperValve.invoke(StandardWrapperValve.java:198)
	at org.apache.catalina.core.StandardContextValve.invoke(StandardContextValve.java:96)
	at org.apache.catalina.authenticator.AuthenticatorBase.invoke(AuthenticatorBase.java:478)
	at org.apache.catalina.core.StandardHostValve.invoke(StandardHostValve.java:140)
	at org.apache.catalina.valves.ErrorReportValve.invoke(ErrorReportValve.java:80)
	at org.apache.catalina.core.StandardEngineValve.invoke(StandardEngineValve.java:87)
	at org.apache.catalina.connector.CoyoteAdapter.service(CoyoteAdapter.java:342)
	at org.apache.coyote.http11.Http11Processor.service(Http11Processor.java:799)
	at org.apache.coyote.AbstractProcessorLight.process(AbstractProcessorLight.java:66)
	at org.apache.coyote.AbstractProtocol$ConnectionHandler.process(AbstractProtocol.java:861)
	at org.apache.tomcat.util.net.NioEndpoint$SocketProcessor.doRun(NioEndpoint.java:1455)
	at org.apache.tomcat.util.net.SocketProcessorBase.run(SocketProcessorBase.java:49)
	at java.util.concurrent.ThreadPoolExecutor.runWorker(ThreadPoolExecutor.java:1149)
	at java.util.concurrent.ThreadPoolExecutor$Worker.run(ThreadPoolExecutor.java:624)
	at org.apache.tomcat.util.threads.TaskThread$WrappingRunnable.run(TaskThread.java:61)
	at java.lang.Thread.run(Thread.java:748)
Caused by: java.lang.NoClassDefFoundError: Could not initialize class de.intarsys.cwt.freetype.Freetype
	at de.intarsys.pdf.platform.cwt.font.freetype.FreetypeFontFactory.getLibrary(FreetypeFontFactory.java:64)
	at de.intarsys.pdf.platform.cwt.font.freetype.FreetypeFontFactory.createPlatformFont(FreetypeFontFactory.java:135)
	at de.intarsys.pdf.platform.cwt.rendering.CSPlatformDevice.textSetFont(CSPlatformDevice.java:755)
	at de.intarsys.pdf.content.CSDeviceBasedInterpreter.render_Tf(CSDeviceBasedInterpreter.java:762)
	at de.intarsys.pdf.content.CSInterpreter.process(CSInterpreter.java:238)
	at de.intarsys.pdf.content.CSInterpreter.process(CSInterpreter.java:206)
	at de.intarsys.pdf.content.CSDeviceBasedInterpreter.process(CSDeviceBasedInterpreter.java:195)
	at org.audiveris.omr.image.ImageLoading$JPodLoader.getImage(ImageLoading.java:476)
	at org.audiveris.omr.sheet.BasicBook.loadSheetImage(BasicBook.java:1026)
	at org.audiveris.omr.step.LoadStep.doit(LoadStep.java:71)
	at org.audiveris.omr.step.Step.doit(Step.java:184)
	at org.audiveris.omr.sheet.BasicStub$3.call(BasicStub.java:877)
	at org.audiveris.omr.sheet.BasicStub$3.call(BasicStub.java:865)
	at java.util.concurrent.FutureTask.run(FutureTask.java:266)
	at java.util.concurrent.ThreadPoolExecutor.runWorker(ThreadPoolExecutor.java:1149)
	at java.util.concurrent.ThreadPoolExecutor$Worker.run(ThreadPoolExecutor.java:624)
	... 1 common frames omitted
2019-02-17 23:33:09,698 INFO [SchbAvMaSample]            BasicBook.java:1501 | Stored /book.xml
2019-02-17 23:33:09,700 INFO [SchbAvMaSample]           BasicSheet.java:1038 | Stored /sheet#1/sheet#1.xml
2019-02-17 23:33:09,700 INFO [SchbAvMaSample]            BasicBook.java:1461 | Book stored as /Users/lujiwen/go/src/audiveris-wrapper/data/sheet-xml/0/qingghuaci/data/sheet-xml/1/SchbAvMaSample/SchbAvMaSample.omr
