2018-10-21 00:04:25,669 INFO [carmen]            BasicBook.java:497  | 1 sheet in ./data/examples/carmen.png
2018-10-21 00:04:25,995 INFO []            BasicBook.java:1501 | Stored /book.xml
2018-10-21 00:04:25,995 INFO []            BasicBook.java:1461 | Book stored as ./data/examples/output/carmen/carmen.omr
2018-10-21 00:04:26,002 INFO []            BasicBook.java:1112 | Book reaching PAGE on sheets:[#1]
2018-10-21 00:04:26,005 INFO [carmen]       StepMonitoring.java:96   | LOAD
2018-10-21 00:04:26,160 INFO [carmen]            BasicBook.java:1027 | Loaded image 1 2520x3500 from ./data/examples/carmen.png
2018-10-21 00:04:26,168 INFO [carmen]            BasicBook.java:1501 | Stored /book.xml
2018-10-21 00:04:26,617 INFO [carmen]           BasicSheet.java:1038 | Stored /sheet#1/sheet#1.xml
2018-10-21 00:04:26,623 INFO [carmen]       StepMonitoring.java:96   | BINARY
2018-10-21 00:04:27,521 INFO [carmen]            BasicBook.java:1501 | Stored /book.xml
2018-10-21 00:04:28,100 INFO [carmen]              Picture.java:797  | Stored /sheet#1/BINARY.xml
2018-10-21 00:04:28,105 INFO [carmen]           BasicSheet.java:1038 | Stored /sheet#1/sheet#1.xml
2018-10-21 00:04:28,110 INFO [carmen]       StepMonitoring.java:96   | SCALE
2018-10-21 00:04:28,159 INFO [carmen]            ScaleStep.java:87   | Scale{line(2,3,4) interline(21,21,23) beam(12)}
2018-10-21 00:04:28,163 INFO [carmen]            BasicBook.java:1501 | Stored /book.xml
2018-10-21 00:04:28,179 INFO [carmen]           BasicSheet.java:1038 | Stored /sheet#1/sheet#1.xml
2018-10-21 00:04:28,191 INFO [carmen]       StepMonitoring.java:96   | GRID
2018-10-21 00:04:29,225 INFO [carmen]       LinesRetriever.java:444  | Global slope: 0.00161
2018-10-21 00:04:29,348 INFO [carmen]    ClustersRetriever.java:242  | Retrieved line clusters: 10 of size: 5 with interline: (21,21,23)
2018-10-21 00:04:30,284 INFO [carmen]            PeakGraph.java:181  | Systems: #1[1, 2] #2[3, 4] #3[5, 6] #4[7, 8] #5[9, 10]
2018-10-21 00:04:32,075 INFO [carmen]        SystemManager.java:662  | Indentation detected for system#1
2018-10-21 00:04:32,076 INFO [carmen]        SystemManager.java:745  | 1 part along 5 systems
2018-10-21 00:04:32,082 INFO [carmen]            BasicBook.java:1501 | Stored /book.xml
2018-10-21 00:04:32,310 INFO [carmen]           BasicSheet.java:1038 | Stored /sheet#1/sheet#1.xml
2018-10-21 00:04:32,314 INFO [carmen]       StepMonitoring.java:96   | HEADERS
2018-10-21 00:04:32,635 INFO [carmen]      BasicClassifier.java:391  | Classifier loaded XML norms.
2018-10-21 00:04:32,644 INFO [carmen]   AbstractClassifier.java:355  | Classifier data loaded from default uri file:///Users/lujiwen/audiveris/res/basic-classifier.zip
2018-10-21 00:04:34,033 INFO [carmen]           KeyBuilder.java:911  | Staff#5 key replication failed.
2018-10-21 00:04:34,348 INFO [carmen]            BasicBook.java:1501 | Stored /book.xml
2018-10-21 00:04:34,615 INFO [carmen]           BasicSheet.java:1038 | Stored /sheet#1/sheet#1.xml
2018-10-21 00:04:34,617 INFO [carmen]       StepMonitoring.java:96   | STEM_SEEDS
2018-10-21 00:04:34,731 INFO [carmen]        StemSeedsStep.java:92   | stem(3 max:4)
2018-10-21 00:04:34,875 INFO [carmen]            BasicBook.java:1501 | Stored /book.xml
2018-10-21 00:04:35,171 INFO [carmen]           BasicSheet.java:1038 | Stored /sheet#1/sheet#1.xml
2018-10-21 00:04:35,174 INFO [carmen]       StepMonitoring.java:96   | BEAMS
2018-10-21 00:04:40,567 INFO [carmen]       BlackHeadSizer.java:99   | Spots black-head retrieval diameter: 18.9
2018-10-21 00:04:40,860 INFO [carmen]       BlackHeadSizer.java:251  | Core black head count: 46 blackHead(width:24.8~0.6 height:23.8~1.5)
2018-10-21 00:04:40,863 INFO [carmen]       BlackHeadSizer.java:256  | MusicFont{name:MusicalSymbols pointSize:83}
2018-10-21 00:04:41,263 INFO [carmen]            BeamsStep.java:89   | BeamDistance{count:75 mean:17.95 stdDev:5.80}
2018-10-21 00:04:41,267 INFO [carmen]            BasicBook.java:1501 | Stored /book.xml
2018-10-21 00:04:41,372 INFO [carmen]              Picture.java:797  | Stored /sheet#1/HEAD_SPOTS.xml
2018-10-21 00:04:42,263 INFO [carmen]           BasicSheet.java:1038 | Stored /sheet#1/sheet#1.xml
2018-10-21 00:04:42,265 INFO [carmen]       StepMonitoring.java:96   | LEDGERS
2018-10-21 00:04:43,938 INFO [carmen]            BasicBook.java:1501 | Stored /book.xml
2018-10-21 00:04:44,513 INFO [carmen]           BasicSheet.java:1038 | Stored /sheet#1/sheet#1.xml
2018-10-21 00:04:44,516 INFO [carmen]       StepMonitoring.java:96   | HEADS
2018-10-21 00:04:49,773 INFO [carmen]            BasicBook.java:1501 | Stored /book.xml
2018-10-21 00:04:50,452 INFO [carmen]           BasicSheet.java:1038 | Stored /sheet#1/sheet#1.xml
2018-10-21 00:04:50,455 INFO [carmen]       StepMonitoring.java:96   | STEMS
2018-10-21 00:04:51,376 INFO [carmen]            BasicBook.java:1501 | Stored /book.xml
2018-10-21 00:04:52,447 INFO [carmen]           BasicSheet.java:1038 | Stored /sheet#1/sheet#1.xml
2018-10-21 00:04:52,449 INFO [carmen]       StepMonitoring.java:96   | REDUCTION
2018-10-21 00:04:52,589 INFO [carmen]            BasicBook.java:1501 | Stored /book.xml
2018-10-21 00:04:53,360 INFO [carmen]           BasicSheet.java:1038 | Stored /sheet#1/sheet#1.xml
2018-10-21 00:04:53,362 INFO [carmen]       StepMonitoring.java:96   | CUE_BEAMS
2018-10-21 00:04:53,365 INFO [carmen]            BasicBook.java:1501 | Stored /book.xml
2018-10-21 00:04:54,064 INFO [carmen]           BasicSheet.java:1038 | Stored /sheet#1/sheet#1.xml
2018-10-21 00:04:54,066 INFO [carmen]       StepMonitoring.java:96   | TEXTS
2018-10-21 00:04:57,084 INFO [carmen]            BasicBook.java:1501 | Stored /book.xml
2018-10-21 00:04:57,953 INFO [carmen]           BasicSheet.java:1038 | Stored /sheet#1/sheet#1.xml
2018-10-21 00:04:57,956 INFO [carmen]       StepMonitoring.java:96   | MEASURES
2018-10-21 00:04:57,963 INFO [carmen]                 Page.java:260  | 24 raw measures: [4 in system#1, 5 in system#2, 5 in system#3, 5 in system#4, 5 in system#5]
2018-10-21 00:04:57,964 INFO [carmen]            BasicBook.java:1501 | Stored /book.xml
2018-10-21 00:04:58,674 INFO [carmen]           BasicSheet.java:1038 | Stored /sheet#1/sheet#1.xml
2018-10-21 00:04:58,676 INFO [carmen]       StepMonitoring.java:96   | CHORDS
2018-10-21 00:04:58,707 INFO [carmen]            BasicBook.java:1501 | Stored /book.xml
2018-10-21 00:04:59,510 INFO [carmen]           BasicSheet.java:1038 | Stored /sheet#1/sheet#1.xml
2018-10-21 00:04:59,512 INFO [carmen]       StepMonitoring.java:96   | CURVES
2018-10-21 00:05:02,178 INFO [carmen]         SlursBuilder.java:157  | Slurs: 27
2018-10-21 00:05:02,204 INFO [carmen]      SegmentsBuilder.java:114  | Segments: 19
2018-10-21 00:05:02,224 INFO [carmen]            BasicBook.java:1501 | Stored /book.xml
2018-10-21 00:05:03,286 INFO [carmen]           BasicSheet.java:1038 | Stored /sheet#1/sheet#1.xml
2018-10-21 00:05:03,290 INFO [carmen]       StepMonitoring.java:96   | SYMBOLS
2018-10-21 00:05:03,750 INFO [carmen]       SymbolsBuilder.java:341  | Symbol parts shrunk from 8 to 7
2018-10-21 00:05:03,913 INFO [carmen]       SymbolsBuilder.java:341  | Symbol parts shrunk from 8 to 7
2018-10-21 00:05:04,131 INFO [carmen]            BasicBook.java:1501 | Stored /book.xml
2018-10-21 00:05:05,218 INFO [carmen]           BasicSheet.java:1038 | Stored /sheet#1/sheet#1.xml
2018-10-21 00:05:05,220 INFO [carmen]       StepMonitoring.java:96   | LINKS
2018-10-21 00:05:05,226 INFO [carmen]        SymbolsLinker.java:162  | No chord near direction SentenceInter{#3351(0.668) s:1 S-48 Direction} rrangemen
2018-10-21 00:05:05,278 INFO [carmen]            BasicBook.java:1501 | Stored /book.xml
2018-10-21 00:05:06,594 INFO [carmen]           BasicSheet.java:1038 | Stored /sheet#1/sheet#1.xml
2018-10-21 00:05:06,597 INFO [carmen]       StepMonitoring.java:96   | RHYTHMS
2018-10-21 00:05:06,707 INFO [carmen]           PageRhythm.java:380  | Range{1-24 ts:2/4 dur:1/2} guess:1/2
2018-10-21 00:05:06,738 INFO [carmen]            BasicBook.java:1501 | Stored /book.xml
2018-10-21 00:05:07,861 INFO [carmen]           BasicSheet.java:1038 | Stored /sheet#1/sheet#1.xml
2018-10-21 00:05:07,863 INFO [carmen]       StepMonitoring.java:96   | PAGE
2018-10-21 00:05:07,872 INFO [carmen]            BasicBook.java:1501 | Stored /book.xml
2018-10-21 00:05:09,105 INFO [carmen]           BasicSheet.java:1038 | Stored /sheet#1/sheet#1.xml
2018-10-21 00:05:09,108 INFO [carmen]            BasicStub.java:758  | Sheet{carmen} disposed
2018-10-21 00:05:10,291 INFO [carmen]            BasicStub.java:484  | Loaded /sheet#1/sheet#1.xml
2018-10-21 00:05:10,293 INFO [carmen]            BasicBook.java:1233 | Scores built: 1
2018-10-21 00:05:11,632 WARN [carmen]      PartwiseBuilder.java:1398 | Error visiting null
java.lang.NullPointerException: null
	at org.audiveris.omr.score.PartwiseBuilder.processKey(PartwiseBuilder.java:1363)
	at org.audiveris.omr.score.PartwiseBuilder.processKeys(PartwiseBuilder.java:1463)
	at org.audiveris.omr.score.PartwiseBuilder.processMeasure(PartwiseBuilder.java:1638)
	at org.audiveris.omr.score.PartwiseBuilder.processPart(PartwiseBuilder.java:2061)
	at org.audiveris.omr.score.PartwiseBuilder.processSystem(PartwiseBuilder.java:2602)
	at org.audiveris.omr.score.PartwiseBuilder.processLogicalPart(PartwiseBuilder.java:1495)
	at org.audiveris.omr.score.PartwiseBuilder.processStub(PartwiseBuilder.java:2557)
	at org.audiveris.omr.score.PartwiseBuilder.processPartList(PartwiseBuilder.java:2090)
	at org.audiveris.omr.score.PartwiseBuilder.processScore(PartwiseBuilder.java:2269)
	at org.audiveris.omr.score.PartwiseBuilder.build(PartwiseBuilder.java:306)
	at org.audiveris.omr.score.ScoreExporter.export(ScoreExporter.java:117)
	at org.audiveris.omr.score.ScoreExporter.export(ScoreExporter.java:91)
	at org.audiveris.omr.sheet.BasicBook.export(BasicBook.java:659)
	at org.audiveris.omr.CLI$ProcessingTask.processBook(CLI.java:791)
	at org.audiveris.omr.CLI$CliTask.call(CLI.java:350)
	at org.audiveris.omr.Main.runBatchTasks(Main.java:316)
	at org.audiveris.omr.Main.main(Main.java:155)
	at Audiveris.main(Audiveris.java:50)
2018-10-21 00:05:11,697 INFO [carmen]        ScoreExporter.java:93   | Score carmen exported to ./data/examples/output/carmen/carmen.mxl
2018-10-21 00:05:11,942 INFO [carmen]            BasicBook.java:1501 | Stored /book.xml
2018-10-21 00:05:11,943 INFO [carmen]            BasicBook.java:1461 | Book stored as ./data/examples/output/carmen/carmen.omr
