2018-12-20 00:01:05,601 INFO [batque]            BasicBook.java:497  | 1 sheet in /var/folders/fw/m4fz_dc96t5bvlzqr06frfs80000gn/T/1/batque.png
2018-12-20 00:01:05,927 INFO []            BasicBook.java:1501 | Stored /book.xml
2018-12-20 00:01:05,927 INFO []            BasicBook.java:1461 | Book stored as /Users/lujiwen/go/src/audiveris-wrapper/data/sheet-xml/1/batque/batque.omr
2018-12-20 00:01:05,929 INFO []            BasicBook.java:1112 | Book reaching PAGE on sheets:[#1]
2018-12-20 00:01:05,929 INFO [batque]       StepMonitoring.java:96   | LOAD
2018-12-20 00:01:05,968 INFO [batque]            BasicBook.java:1027 | Loaded image 1 2520x1386 from /var/folders/fw/m4fz_dc96t5bvlzqr06frfs80000gn/T/1/batque.png
2018-12-20 00:01:05,971 INFO [batque]            BasicBook.java:1501 | Stored /book.xml
2018-12-20 00:01:05,972 INFO [batque]           BasicSheet.java:1038 | Stored /sheet#1/sheet#1.xml
2018-12-20 00:01:05,974 INFO [batque]       StepMonitoring.java:96   | BINARY
2018-12-20 00:01:06,291 INFO [batque]            BasicBook.java:1501 | Stored /book.xml
2018-12-20 00:01:06,486 INFO [batque]              Picture.java:797  | Stored /sheet#1/BINARY.xml
2018-12-20 00:01:06,487 INFO [batque]           BasicSheet.java:1038 | Stored /sheet#1/sheet#1.xml
2018-12-20 00:01:06,488 INFO [batque]       StepMonitoring.java:96   | SCALE
2018-12-20 00:01:06,495 INFO [batque]            ScaleStep.java:87   | Scale{line(2,3,4) interline(21,21,22) beam(12)}
2018-12-20 00:01:06,496 INFO [batque]            BasicBook.java:1501 | Stored /book.xml
2018-12-20 00:01:06,497 INFO [batque]           BasicSheet.java:1038 | Stored /sheet#1/sheet#1.xml
2018-12-20 00:01:06,499 INFO [batque]       StepMonitoring.java:96   | GRID
2018-12-20 00:01:06,731 INFO [batque]       LinesRetriever.java:444  | Global slope: 0.01201
2018-12-20 00:01:06,748 INFO [batque]    ClustersRetriever.java:242  | Retrieved line clusters: 4 of size: 5 with interline: (21,21,22)
2018-12-20 00:01:06,934 INFO [batque]            PeakGraph.java:181  | Systems: #1[1, 2] #2[3, 4]
2018-12-20 00:01:07,462 INFO [batque]        SystemManager.java:662  | Indentation detected for system#1
2018-12-20 00:01:07,462 INFO [batque]        SystemManager.java:745  | 1 part along 2 systems
2018-12-20 00:01:07,464 INFO [batque]            BasicBook.java:1501 | Stored /book.xml
2018-12-20 00:01:07,521 INFO [batque]           BasicSheet.java:1038 | Stored /sheet#1/sheet#1.xml
2018-12-20 00:01:07,523 INFO [batque]       StepMonitoring.java:96   | HEADERS
2018-12-20 00:01:07,643 INFO [batque]            BasicBook.java:1501 | Stored /book.xml
2018-12-20 00:01:07,717 INFO [batque]           BasicSheet.java:1038 | Stored /sheet#1/sheet#1.xml
2018-12-20 00:01:07,718 INFO [batque]       StepMonitoring.java:96   | STEM_SEEDS
2018-12-20 00:01:07,761 INFO [batque]        StemSeedsStep.java:92   | stem(2 max:3)
2018-12-20 00:01:07,777 INFO [batque]            BasicBook.java:1501 | Stored /book.xml
2018-12-20 00:01:07,873 INFO [batque]           BasicSheet.java:1038 | Stored /sheet#1/sheet#1.xml
2018-12-20 00:01:07,874 INFO [batque]       StepMonitoring.java:96   | BEAMS
2018-12-20 00:01:11,327 INFO [batque]       BlackHeadSizer.java:99   | Spots black-head retrieval diameter: 18.9
2018-12-20 00:01:11,592 INFO [batque]       BlackHeadSizer.java:251  | Core black head count: 23 blackHead(width:24.7~0.5 height:23.5~0.9)
2018-12-20 00:01:11,593 INFO [batque]       BlackHeadSizer.java:256  | MusicFont{name:MusicalSymbols pointSize:83}
2018-12-20 00:01:11,651 INFO [batque]            BeamsStep.java:89   | BeamDistance{count:14 mean:19.14 stdDev:1.35}
2018-12-20 00:01:11,653 INFO [batque]            BasicBook.java:1501 | Stored /book.xml
2018-12-20 00:01:11,697 INFO [batque]              Picture.java:797  | Stored /sheet#1/HEAD_SPOTS.xml
2018-12-20 00:01:11,975 INFO [batque]           BasicSheet.java:1038 | Stored /sheet#1/sheet#1.xml
2018-12-20 00:01:11,977 INFO [batque]       StepMonitoring.java:96   | LEDGERS
2018-12-20 00:01:12,138 INFO [batque]            BasicBook.java:1501 | Stored /book.xml
2018-12-20 00:01:12,406 INFO [batque]           BasicSheet.java:1038 | Stored /sheet#1/sheet#1.xml
2018-12-20 00:01:12,409 INFO [batque]       StepMonitoring.java:96   | HEADS
2018-12-20 00:01:19,285 INFO [batque]            BasicBook.java:1501 | Stored /book.xml
2018-12-20 00:01:19,816 INFO [batque]           BasicSheet.java:1038 | Stored /sheet#1/sheet#1.xml
2018-12-20 00:01:19,820 INFO [batque]       StepMonitoring.java:96   | STEMS
2018-12-20 00:01:19,965 INFO [batque]            BasicBook.java:1501 | Stored /book.xml
2018-12-20 00:01:20,435 INFO [batque]           BasicSheet.java:1038 | Stored /sheet#1/sheet#1.xml
2018-12-20 00:01:20,437 INFO [batque]       StepMonitoring.java:96   | REDUCTION
2018-12-20 00:01:20,526 INFO [batque]            BasicBook.java:1501 | Stored /book.xml
2018-12-20 00:01:20,839 INFO [batque]           BasicSheet.java:1038 | Stored /sheet#1/sheet#1.xml
2018-12-20 00:01:20,842 INFO [batque]       StepMonitoring.java:96   | CUE_BEAMS
2018-12-20 00:01:20,848 INFO [batque]            BasicBook.java:1501 | Stored /book.xml
2018-12-20 00:01:21,157 INFO [batque]           BasicSheet.java:1038 | Stored /sheet#1/sheet#1.xml
2018-12-20 00:01:21,158 INFO [batque]       StepMonitoring.java:96   | TEXTS
2018-12-20 00:01:22,194 INFO [batque]            BasicBook.java:1501 | Stored /book.xml
2018-12-20 00:01:22,587 INFO [batque]           BasicSheet.java:1038 | Stored /sheet#1/sheet#1.xml
2018-12-20 00:01:22,591 INFO [batque]       StepMonitoring.java:96   | MEASURES
2018-12-20 00:01:22,592 INFO [batque]                 Page.java:260  | 8 raw measures: [4 in system#1, 4 in system#2]
2018-12-20 00:01:22,594 INFO [batque]            BasicBook.java:1501 | Stored /book.xml
2018-12-20 00:01:23,031 INFO [batque]           BasicSheet.java:1038 | Stored /sheet#1/sheet#1.xml
2018-12-20 00:01:23,034 INFO [batque]       StepMonitoring.java:96   | CHORDS
2018-12-20 00:01:23,049 INFO [batque]            BasicBook.java:1501 | Stored /book.xml
2018-12-20 00:01:23,466 INFO [batque]           BasicSheet.java:1038 | Stored /sheet#1/sheet#1.xml
2018-12-20 00:01:23,469 INFO [batque]       StepMonitoring.java:96   | CURVES
2018-12-20 00:01:24,178 INFO [batque]         SlursBuilder.java:157  | Slurs: 1
2018-12-20 00:01:24,181 INFO [batque]      SegmentsBuilder.java:114  | Segments: 10
2018-12-20 00:01:24,182 INFO [batque]            BasicBook.java:1501 | Stored /book.xml
2018-12-20 00:01:24,572 INFO [batque]           BasicSheet.java:1038 | Stored /sheet#1/sheet#1.xml
2018-12-20 00:01:24,574 INFO [batque]       StepMonitoring.java:96   | SYMBOLS
2018-12-20 00:01:24,708 INFO [batque]       SymbolsBuilder.java:341  | Symbol parts shrunk from 15 to 7
2018-12-20 00:01:24,858 INFO [batque]            BasicBook.java:1501 | Stored /book.xml
2018-12-20 00:01:25,338 INFO [batque]           BasicSheet.java:1038 | Stored /sheet#1/sheet#1.xml
2018-12-20 00:01:25,342 INFO [batque]       StepMonitoring.java:96   | LINKS
2018-12-20 00:01:25,355 INFO [batque]            BasicBook.java:1501 | Stored /book.xml
2018-12-20 00:01:25,840 INFO [batque]           BasicSheet.java:1038 | Stored /sheet#1/sheet#1.xml
2018-12-20 00:01:25,842 INFO [batque]       StepMonitoring.java:96   | RHYTHMS
2018-12-20 00:01:25,858 INFO [batque]           PageRhythm.java:380  | Range{1-8 ts:4/4 dur:1} guess:1
2018-12-20 00:01:25,873 INFO [batque]         SlotsBuilder.java:432  | S2 MeasureStack#8 Slot{#7 xOffset=325 timeOffset=5/8 incomings=[#1567] SUSPICIOUS}
2018-12-20 00:01:25,874 INFO [batque]         SlotsBuilder.java:432  | S2 MeasureStack#8 Slot{#9 xOffset=391 timeOffset=3/4 incomings=[#1568#1570] SUSPICIOUS}
2018-12-20 00:01:25,874 INFO [batque]                Voice.java:264  | S2 {Measure#8P1} Voice #1 too long 1/8
2018-12-20 00:01:25,874 INFO [batque]                Voice.java:264  | S2 {Measure#8P1} Voice #5 too long 1/8
2018-12-20 00:01:25,874 INFO [batque]                Voice.java:264  | S2 {Measure#8P1} Voice #6 too long 1/8
2018-12-20 00:01:25,874 INFO [batque]           StackTuner.java:92   | S2 MeasureStack#8 no correct rhythm
2018-12-20 00:01:25,875 INFO [batque]            BasicBook.java:1501 | Stored /book.xml
2018-12-20 00:01:26,362 INFO [batque]           BasicSheet.java:1038 | Stored /sheet#1/sheet#1.xml
2018-12-20 00:01:26,363 INFO [batque]       StepMonitoring.java:96   | PAGE
2018-12-20 00:01:26,364 INFO [batque]                Voice.java:264  | S2 {Measure#8P1} Voice #1 too long 1/8
2018-12-20 00:01:26,365 INFO [batque]                Voice.java:264  | S2 {Measure#8P1} Voice #5 too long 1/8
2018-12-20 00:01:26,365 INFO [batque]                Voice.java:264  | S2 {Measure#8P1} Voice #6 too long 1/8
2018-12-20 00:01:26,366 INFO [batque]            BasicBook.java:1501 | Stored /book.xml
2018-12-20 00:01:26,853 INFO [batque]           BasicSheet.java:1038 | Stored /sheet#1/sheet#1.xml
2018-12-20 00:01:26,856 INFO [batque]            BasicStub.java:758  | Sheet{batque} disposed
2018-12-20 00:01:27,235 INFO [batque]            BasicStub.java:484  | Loaded /sheet#1/sheet#1.xml
2018-12-20 00:01:27,235 INFO [batque]            BasicBook.java:1233 | Scores built: 1
2018-12-20 00:01:27,256 INFO [batque]        ScoreExporter.java:93   | Score batque exported to /Users/lujiwen/go/src/audiveris-wrapper/data/sheet-xml/1/batque/batque.xml
2018-12-20 00:01:27,331 INFO [batque]            BasicBook.java:1501 | Stored /book.xml
2018-12-20 00:01:27,331 INFO [batque]            BasicBook.java:1461 | Book stored as /Users/lujiwen/go/src/audiveris-wrapper/data/sheet-xml/1/batque/batque.omr
