2018-12-20 00:03:04,276 INFO [batque]            BasicBook.java:497  | 1 sheet in /var/folders/fw/m4fz_dc96t5bvlzqr06frfs80000gn/T/1/batque.png
2018-12-20 00:03:04,449 INFO []            BasicBook.java:1501 | Stored /book.xml
2018-12-20 00:03:04,449 INFO []            BasicBook.java:1461 | Book stored as /Users/lujiwen/go/src/audiveris-wrapper/data/sheet-xml/1/batque/batque.omr
2018-12-20 00:03:04,450 INFO []            BasicBook.java:1112 | Book reaching PAGE on sheets:[#1]
2018-12-20 00:03:04,451 INFO [batque]       StepMonitoring.java:96   | LOAD
2018-12-20 00:03:04,492 INFO [batque]            BasicBook.java:1027 | Loaded image 1 2520x1386 from /var/folders/fw/m4fz_dc96t5bvlzqr06frfs80000gn/T/1/batque.png
2018-12-20 00:03:04,494 INFO [batque]            BasicBook.java:1501 | Stored /book.xml
2018-12-20 00:03:04,495 INFO [batque]           BasicSheet.java:1038 | Stored /sheet#1/sheet#1.xml
2018-12-20 00:03:04,496 INFO [batque]       StepMonitoring.java:96   | BINARY
2018-12-20 00:03:04,817 INFO [batque]            BasicBook.java:1501 | Stored /book.xml
2018-12-20 00:03:04,976 INFO [batque]              Picture.java:797  | Stored /sheet#1/BINARY.xml
2018-12-20 00:03:04,977 INFO [batque]           BasicSheet.java:1038 | Stored /sheet#1/sheet#1.xml
2018-12-20 00:03:04,978 INFO [batque]       StepMonitoring.java:96   | SCALE
2018-12-20 00:03:04,981 INFO [batque]            ScaleStep.java:87   | Scale{line(2,3,4) interline(21,21,22) beam(12)}
2018-12-20 00:03:04,983 INFO [batque]            BasicBook.java:1501 | Stored /book.xml
2018-12-20 00:03:04,984 INFO [batque]           BasicSheet.java:1038 | Stored /sheet#1/sheet#1.xml
2018-12-20 00:03:04,985 INFO [batque]       StepMonitoring.java:96   | GRID
2018-12-20 00:03:05,092 INFO [batque]       LinesRetriever.java:444  | Global slope: 0.01201
2018-12-20 00:03:05,100 INFO [batque]    ClustersRetriever.java:242  | Retrieved line clusters: 4 of size: 5 with interline: (21,21,22)
2018-12-20 00:03:05,177 INFO [batque]            PeakGraph.java:181  | Systems: #1[1, 2] #2[3, 4]
2018-12-20 00:03:05,425 INFO [batque]        SystemManager.java:662  | Indentation detected for system#1
2018-12-20 00:03:05,425 INFO [batque]        SystemManager.java:745  | 1 part along 2 systems
2018-12-20 00:03:05,426 INFO [batque]            BasicBook.java:1501 | Stored /book.xml
2018-12-20 00:03:05,482 INFO [batque]           BasicSheet.java:1038 | Stored /sheet#1/sheet#1.xml
2018-12-20 00:03:05,483 INFO [batque]       StepMonitoring.java:96   | HEADERS
2018-12-20 00:03:05,592 INFO [batque]            BasicBook.java:1501 | Stored /book.xml
2018-12-20 00:03:05,664 INFO [batque]           BasicSheet.java:1038 | Stored /sheet#1/sheet#1.xml
2018-12-20 00:03:05,665 INFO [batque]       StepMonitoring.java:96   | STEM_SEEDS
2018-12-20 00:03:05,704 INFO [batque]        StemSeedsStep.java:92   | stem(2 max:3)
2018-12-20 00:03:05,716 INFO [batque]            BasicBook.java:1501 | Stored /book.xml
2018-12-20 00:03:05,804 INFO [batque]           BasicSheet.java:1038 | Stored /sheet#1/sheet#1.xml
2018-12-20 00:03:05,806 INFO [batque]       StepMonitoring.java:96   | BEAMS
2018-12-20 00:03:09,230 INFO [batque]       BlackHeadSizer.java:99   | Spots black-head retrieval diameter: 18.9
2018-12-20 00:03:09,505 INFO [batque]       BlackHeadSizer.java:251  | Core black head count: 23 blackHead(width:24.7~0.5 height:23.5~0.9)
2018-12-20 00:03:09,506 INFO [batque]       BlackHeadSizer.java:256  | MusicFont{name:MusicalSymbols pointSize:83}
2018-12-20 00:03:09,566 INFO [batque]            BeamsStep.java:89   | BeamDistance{count:14 mean:19.14 stdDev:1.35}
2018-12-20 00:03:09,568 INFO [batque]            BasicBook.java:1501 | Stored /book.xml
2018-12-20 00:03:09,614 INFO [batque]              Picture.java:797  | Stored /sheet#1/HEAD_SPOTS.xml
2018-12-20 00:03:09,928 INFO [batque]           BasicSheet.java:1038 | Stored /sheet#1/sheet#1.xml
2018-12-20 00:03:09,929 INFO [batque]       StepMonitoring.java:96   | LEDGERS
2018-12-20 00:03:10,109 INFO [batque]            BasicBook.java:1501 | Stored /book.xml
2018-12-20 00:03:10,388 INFO [batque]           BasicSheet.java:1038 | Stored /sheet#1/sheet#1.xml
2018-12-20 00:03:10,390 INFO [batque]       StepMonitoring.java:96   | HEADS
2018-12-20 00:03:16,219 INFO [batque]            BasicBook.java:1501 | Stored /book.xml
2018-12-20 00:03:16,655 INFO [batque]           BasicSheet.java:1038 | Stored /sheet#1/sheet#1.xml
2018-12-20 00:03:16,658 INFO [batque]       StepMonitoring.java:96   | STEMS
2018-12-20 00:03:16,802 INFO [batque]            BasicBook.java:1501 | Stored /book.xml
2018-12-20 00:03:17,322 INFO [batque]           BasicSheet.java:1038 | Stored /sheet#1/sheet#1.xml
2018-12-20 00:03:17,324 INFO [batque]       StepMonitoring.java:96   | REDUCTION
2018-12-20 00:03:17,377 INFO [batque]            BasicBook.java:1501 | Stored /book.xml
2018-12-20 00:03:17,819 INFO [batque]           BasicSheet.java:1038 | Stored /sheet#1/sheet#1.xml
2018-12-20 00:03:17,821 INFO [batque]       StepMonitoring.java:96   | CUE_BEAMS
2018-12-20 00:03:17,822 INFO [batque]            BasicBook.java:1501 | Stored /book.xml
2018-12-20 00:03:18,249 INFO [batque]           BasicSheet.java:1038 | Stored /sheet#1/sheet#1.xml
2018-12-20 00:03:18,251 INFO [batque]       StepMonitoring.java:96   | TEXTS
2018-12-20 00:03:18,920 INFO [batque]            BasicBook.java:1501 | Stored /book.xml
2018-12-20 00:03:19,384 INFO [batque]           BasicSheet.java:1038 | Stored /sheet#1/sheet#1.xml
2018-12-20 00:03:19,385 INFO [batque]       StepMonitoring.java:96   | MEASURES
2018-12-20 00:03:19,386 INFO [batque]                 Page.java:260  | 8 raw measures: [4 in system#1, 4 in system#2]
2018-12-20 00:03:19,387 INFO [batque]            BasicBook.java:1501 | Stored /book.xml
2018-12-20 00:03:19,860 INFO [batque]           BasicSheet.java:1038 | Stored /sheet#1/sheet#1.xml
2018-12-20 00:03:19,864 INFO [batque]       StepMonitoring.java:96   | CHORDS
2018-12-20 00:03:19,872 INFO [batque]            BasicBook.java:1501 | Stored /book.xml
2018-12-20 00:03:20,357 INFO [batque]           BasicSheet.java:1038 | Stored /sheet#1/sheet#1.xml
2018-12-20 00:03:20,358 INFO [batque]       StepMonitoring.java:96   | CURVES
2018-12-20 00:03:20,956 INFO [batque]         SlursBuilder.java:157  | Slurs: 1
2018-12-20 00:03:20,959 INFO [batque]      SegmentsBuilder.java:114  | Segments: 10
2018-12-20 00:03:20,961 INFO [batque]            BasicBook.java:1501 | Stored /book.xml
2018-12-20 00:03:21,483 INFO [batque]           BasicSheet.java:1038 | Stored /sheet#1/sheet#1.xml
2018-12-20 00:03:21,484 INFO [batque]       StepMonitoring.java:96   | SYMBOLS
2018-12-20 00:03:21,622 INFO [batque]       SymbolsBuilder.java:341  | Symbol parts shrunk from 15 to 7
2018-12-20 00:03:21,777 INFO [batque]            BasicBook.java:1501 | Stored /book.xml
2018-12-20 00:03:22,424 INFO [batque]           BasicSheet.java:1038 | Stored /sheet#1/sheet#1.xml
2018-12-20 00:03:22,426 INFO [batque]       StepMonitoring.java:96   | LINKS
2018-12-20 00:03:22,438 INFO [batque]            BasicBook.java:1501 | Stored /book.xml
2018-12-20 00:03:23,115 INFO [batque]           BasicSheet.java:1038 | Stored /sheet#1/sheet#1.xml
2018-12-20 00:03:23,116 INFO [batque]       StepMonitoring.java:96   | RHYTHMS
2018-12-20 00:03:23,136 INFO [batque]           PageRhythm.java:380  | Range{1-8 ts:4/4 dur:1} guess:1
2018-12-20 00:03:23,152 INFO [batque]         SlotsBuilder.java:432  | S2 MeasureStack#8 Slot{#7 xOffset=325 timeOffset=5/8 incomings=[#1567] SUSPICIOUS}
2018-12-20 00:03:23,152 INFO [batque]         SlotsBuilder.java:432  | S2 MeasureStack#8 Slot{#9 xOffset=391 timeOffset=3/4 incomings=[#1568#1570] SUSPICIOUS}
2018-12-20 00:03:23,153 INFO [batque]                Voice.java:264  | S2 {Measure#8P1} Voice #1 too long 1/8
2018-12-20 00:03:23,153 INFO [batque]                Voice.java:264  | S2 {Measure#8P1} Voice #5 too long 1/8
2018-12-20 00:03:23,153 INFO [batque]                Voice.java:264  | S2 {Measure#8P1} Voice #6 too long 1/8
2018-12-20 00:03:23,153 INFO [batque]           StackTuner.java:92   | S2 MeasureStack#8 no correct rhythm
2018-12-20 00:03:23,155 INFO [batque]            BasicBook.java:1501 | Stored /book.xml
2018-12-20 00:03:23,764 INFO [batque]           BasicSheet.java:1038 | Stored /sheet#1/sheet#1.xml
2018-12-20 00:03:23,766 INFO [batque]       StepMonitoring.java:96   | PAGE
2018-12-20 00:03:23,767 INFO [batque]                Voice.java:264  | S2 {Measure#8P1} Voice #1 too long 1/8
2018-12-20 00:03:23,767 INFO [batque]                Voice.java:264  | S2 {Measure#8P1} Voice #5 too long 1/8
2018-12-20 00:03:23,768 INFO [batque]                Voice.java:264  | S2 {Measure#8P1} Voice #6 too long 1/8
2018-12-20 00:03:23,769 INFO [batque]            BasicBook.java:1501 | Stored /book.xml
2018-12-20 00:03:24,348 INFO [batque]           BasicSheet.java:1038 | Stored /sheet#1/sheet#1.xml
2018-12-20 00:03:24,350 INFO [batque]            BasicStub.java:758  | Sheet{batque} disposed
2018-12-20 00:03:24,661 INFO [batque]            BasicStub.java:484  | Loaded /sheet#1/sheet#1.xml
2018-12-20 00:03:24,662 INFO [batque]            BasicBook.java:1233 | Scores built: 1
2018-12-20 00:03:24,677 INFO [batque]        ScoreExporter.java:93   | Score batque exported to /Users/lujiwen/go/src/audiveris-wrapper/data/sheet-xml/1/batque/batque.xml
2018-12-20 00:03:24,759 INFO [batque]            BasicBook.java:1501 | Stored /book.xml
2018-12-20 00:03:24,760 INFO [batque]            BasicBook.java:1461 | Book stored as /Users/lujiwen/go/src/audiveris-wrapper/data/sheet-xml/1/batque/batque.omr
