2018-12-19 23:59:05,713 INFO [batque]            BasicBook.java:497  | 1 sheet in /var/folders/fw/m4fz_dc96t5bvlzqr06frfs80000gn/T/1/batque.png
2018-12-19 23:59:06,115 INFO []            BasicBook.java:1501 | Stored /book.xml
2018-12-19 23:59:06,116 INFO []            BasicBook.java:1461 | Book stored as /Users/lujiwen/go/src/audiveris-wrapper/data/sheet-xml/1/batque/batque.omr
2018-12-19 23:59:06,123 INFO []            BasicBook.java:1112 | Book reaching PAGE on sheets:[#1]
2018-12-19 23:59:06,126 INFO [batque]       StepMonitoring.java:96   | LOAD
2018-12-19 23:59:06,196 INFO [batque]            BasicBook.java:1027 | Loaded image 1 2520x1386 from /var/folders/fw/m4fz_dc96t5bvlzqr06frfs80000gn/T/1/batque.png
2018-12-19 23:59:06,239 INFO [batque]            BasicBook.java:1501 | Stored /book.xml
2018-12-19 23:59:06,553 INFO [batque]           BasicSheet.java:1038 | Stored /sheet#1/sheet#1.xml
2018-12-19 23:59:06,555 INFO [batque]       StepMonitoring.java:96   | BINARY
2018-12-19 23:59:06,960 INFO [batque]            BasicBook.java:1501 | Stored /book.xml
2018-12-19 23:59:07,131 INFO [batque]              Picture.java:797  | Stored /sheet#1/BINARY.xml
2018-12-19 23:59:07,133 INFO [batque]           BasicSheet.java:1038 | Stored /sheet#1/sheet#1.xml
2018-12-19 23:59:07,136 INFO [batque]       StepMonitoring.java:96   | SCALE
2018-12-19 23:59:07,161 INFO [batque]            ScaleStep.java:87   | Scale{line(2,3,4) interline(21,21,22) beam(12)}
2018-12-19 23:59:07,163 INFO [batque]            BasicBook.java:1501 | Stored /book.xml
2018-12-19 23:59:07,166 INFO [batque]           BasicSheet.java:1038 | Stored /sheet#1/sheet#1.xml
2018-12-19 23:59:07,169 INFO [batque]       StepMonitoring.java:96   | GRID
2018-12-19 23:59:07,442 INFO [batque]       LinesRetriever.java:444  | Global slope: 0.01201
2018-12-19 23:59:07,468 INFO [batque]    ClustersRetriever.java:242  | Retrieved line clusters: 4 of size: 5 with interline: (21,21,22)
2018-12-19 23:59:07,626 INFO [batque]            PeakGraph.java:181  | Systems: #1[1, 2] #2[3, 4]
2018-12-19 23:59:08,127 INFO [batque]        SystemManager.java:662  | Indentation detected for system#1
2018-12-19 23:59:08,128 INFO [batque]        SystemManager.java:745  | 1 part along 2 systems
2018-12-19 23:59:08,133 INFO [batque]            BasicBook.java:1501 | Stored /book.xml
2018-12-19 23:59:08,217 INFO [batque]           BasicSheet.java:1038 | Stored /sheet#1/sheet#1.xml
2018-12-19 23:59:08,219 INFO [batque]       StepMonitoring.java:96   | HEADERS
2018-12-19 23:59:08,380 INFO []      BasicClassifier.java:391  | Classifier loaded XML norms.
2018-12-19 23:59:08,385 INFO []   AbstractClassifier.java:355  | Classifier data loaded from default uri file:///Users/lujiwen/go/src/audiveris-wrapper/res/basic-classifier.zip
2018-12-19 23:59:09,082 INFO [batque]            BasicBook.java:1501 | Stored /book.xml
2018-12-19 23:59:09,154 INFO [batque]           BasicSheet.java:1038 | Stored /sheet#1/sheet#1.xml
2018-12-19 23:59:09,156 INFO [batque]       StepMonitoring.java:96   | STEM_SEEDS
2018-12-19 23:59:09,260 INFO [batque]        StemSeedsStep.java:92   | stem(2 max:3)
2018-12-19 23:59:09,323 INFO [batque]            BasicBook.java:1501 | Stored /book.xml
2018-12-19 23:59:09,426 INFO [batque]           BasicSheet.java:1038 | Stored /sheet#1/sheet#1.xml
2018-12-19 23:59:09,429 INFO [batque]       StepMonitoring.java:96   | BEAMS
2018-12-19 23:59:17,749 INFO [batque]       BlackHeadSizer.java:99   | Spots black-head retrieval diameter: 18.9
2018-12-19 23:59:18,019 INFO [batque]       BlackHeadSizer.java:251  | Core black head count: 23 blackHead(width:24.7~0.5 height:23.5~0.9)
2018-12-19 23:59:18,022 INFO [batque]       BlackHeadSizer.java:256  | MusicFont{name:MusicalSymbols pointSize:83}
2018-12-19 23:59:18,124 INFO [batque]            BeamsStep.java:89   | BeamDistance{count:14 mean:19.14 stdDev:1.35}
2018-12-19 23:59:18,127 INFO [batque]            BasicBook.java:1501 | Stored /book.xml
2018-12-19 23:59:18,172 INFO [batque]              Picture.java:797  | Stored /sheet#1/HEAD_SPOTS.xml
2018-12-19 23:59:18,442 INFO [batque]           BasicSheet.java:1038 | Stored /sheet#1/sheet#1.xml
2018-12-19 23:59:18,444 INFO [batque]       StepMonitoring.java:96   | LEDGERS
2018-12-19 23:59:18,628 INFO [batque]            BasicBook.java:1501 | Stored /book.xml
2018-12-19 23:59:18,911 INFO [batque]           BasicSheet.java:1038 | Stored /sheet#1/sheet#1.xml
2018-12-19 23:59:18,915 INFO [batque]       StepMonitoring.java:96   | HEADS
2018-12-19 23:59:25,642 INFO [batque]            BasicBook.java:1501 | Stored /book.xml
2018-12-19 23:59:25,968 INFO [batque]           BasicSheet.java:1038 | Stored /sheet#1/sheet#1.xml
2018-12-19 23:59:25,971 INFO [batque]       StepMonitoring.java:96   | STEMS
2018-12-19 23:59:26,254 INFO [batque]            BasicBook.java:1501 | Stored /book.xml
2018-12-19 23:59:26,633 INFO [batque]           BasicSheet.java:1038 | Stored /sheet#1/sheet#1.xml
2018-12-19 23:59:26,635 INFO [batque]       StepMonitoring.java:96   | REDUCTION
2018-12-19 23:59:26,705 INFO [batque]            BasicBook.java:1501 | Stored /book.xml
2018-12-19 23:59:27,030 INFO [batque]           BasicSheet.java:1038 | Stored /sheet#1/sheet#1.xml
2018-12-19 23:59:27,033 INFO [batque]       StepMonitoring.java:96   | CUE_BEAMS
2018-12-19 23:59:27,037 INFO [batque]            BasicBook.java:1501 | Stored /book.xml
2018-12-19 23:59:27,373 INFO [batque]           BasicSheet.java:1038 | Stored /sheet#1/sheet#1.xml
2018-12-19 23:59:27,375 INFO [batque]       StepMonitoring.java:96   | TEXTS
2018-12-19 23:59:28,859 INFO [batque]            BasicBook.java:1501 | Stored /book.xml
2018-12-19 23:59:30,019 INFO [batque]           BasicSheet.java:1038 | Stored /sheet#1/sheet#1.xml
2018-12-19 23:59:30,022 INFO [batque]       StepMonitoring.java:96   | MEASURES
2018-12-19 23:59:30,031 INFO [batque]                 Page.java:260  | 8 raw measures: [4 in system#1, 4 in system#2]
2018-12-19 23:59:30,033 INFO [batque]            BasicBook.java:1501 | Stored /book.xml
2018-12-19 23:59:30,759 INFO [batque]           BasicSheet.java:1038 | Stored /sheet#1/sheet#1.xml
2018-12-19 23:59:30,762 INFO [batque]       StepMonitoring.java:96   | CHORDS
2018-12-19 23:59:30,800 INFO [batque]            BasicBook.java:1501 | Stored /book.xml
2018-12-19 23:59:31,333 INFO [batque]           BasicSheet.java:1038 | Stored /sheet#1/sheet#1.xml
2018-12-19 23:59:31,335 INFO [batque]       StepMonitoring.java:96   | CURVES
2018-12-19 23:59:32,194 INFO [batque]         SlursBuilder.java:157  | Slurs: 1
2018-12-19 23:59:32,203 INFO [batque]      SegmentsBuilder.java:114  | Segments: 10
2018-12-19 23:59:32,383 INFO [batque]            BasicBook.java:1501 | Stored /book.xml
2018-12-19 23:59:32,901 INFO [batque]           BasicSheet.java:1038 | Stored /sheet#1/sheet#1.xml
2018-12-19 23:59:32,905 INFO [batque]       StepMonitoring.java:96   | SYMBOLS
2018-12-19 23:59:33,134 INFO [batque]       SymbolsBuilder.java:341  | Symbol parts shrunk from 15 to 7
2018-12-19 23:59:33,348 INFO [batque]            BasicBook.java:1501 | Stored /book.xml
2018-12-19 23:59:33,889 INFO [batque]           BasicSheet.java:1038 | Stored /sheet#1/sheet#1.xml
2018-12-19 23:59:33,891 INFO [batque]       StepMonitoring.java:96   | LINKS
2018-12-19 23:59:33,913 INFO [batque]            BasicBook.java:1501 | Stored /book.xml
2018-12-19 23:59:34,456 INFO [batque]           BasicSheet.java:1038 | Stored /sheet#1/sheet#1.xml
2018-12-19 23:59:34,458 INFO [batque]       StepMonitoring.java:96   | RHYTHMS
2018-12-19 23:59:34,504 INFO [batque]           PageRhythm.java:380  | Range{1-8 ts:4/4 dur:1} guess:1
2018-12-19 23:59:34,522 INFO [batque]         SlotsBuilder.java:432  | S2 MeasureStack#8 Slot{#7 xOffset=325 timeOffset=5/8 incomings=[#1567] SUSPICIOUS}
2018-12-19 23:59:34,522 INFO [batque]         SlotsBuilder.java:432  | S2 MeasureStack#8 Slot{#9 xOffset=391 timeOffset=3/4 incomings=[#1568#1570] SUSPICIOUS}
2018-12-19 23:59:34,524 INFO [batque]                Voice.java:264  | S2 {Measure#8P1} Voice #1 too long 1/8
2018-12-19 23:59:34,524 INFO [batque]                Voice.java:264  | S2 {Measure#8P1} Voice #5 too long 1/8
2018-12-19 23:59:34,524 INFO [batque]                Voice.java:264  | S2 {Measure#8P1} Voice #6 too long 1/8
2018-12-19 23:59:34,524 INFO [batque]           StackTuner.java:92   | S2 MeasureStack#8 no correct rhythm
2018-12-19 23:59:34,526 INFO [batque]            BasicBook.java:1501 | Stored /book.xml
2018-12-19 23:59:35,079 INFO [batque]           BasicSheet.java:1038 | Stored /sheet#1/sheet#1.xml
2018-12-19 23:59:35,082 INFO [batque]       StepMonitoring.java:96   | PAGE
2018-12-19 23:59:35,091 INFO [batque]                Voice.java:264  | S2 {Measure#8P1} Voice #1 too long 1/8
2018-12-19 23:59:35,091 INFO [batque]                Voice.java:264  | S2 {Measure#8P1} Voice #5 too long 1/8
2018-12-19 23:59:35,091 INFO [batque]                Voice.java:264  | S2 {Measure#8P1} Voice #6 too long 1/8
2018-12-19 23:59:35,093 INFO [batque]            BasicBook.java:1501 | Stored /book.xml
2018-12-19 23:59:35,662 INFO [batque]           BasicSheet.java:1038 | Stored /sheet#1/sheet#1.xml
2018-12-19 23:59:35,665 INFO [batque]            BasicStub.java:758  | Sheet{batque} disposed
2018-12-19 23:59:36,101 INFO [batque]            BasicStub.java:484  | Loaded /sheet#1/sheet#1.xml
2018-12-19 23:59:36,104 INFO [batque]            BasicBook.java:1233 | Scores built: 1
2018-12-19 23:59:37,212 INFO [batque]        ScoreExporter.java:93   | Score batque exported to /Users/lujiwen/go/src/audiveris-wrapper/data/sheet-xml/1/batque/batque.xml
2018-12-19 23:59:37,339 INFO [batque]            BasicBook.java:1501 | Stored /book.xml
2018-12-19 23:59:37,340 INFO [batque]            BasicBook.java:1461 | Book stored as /Users/lujiwen/go/src/audiveris-wrapper/data/sheet-xml/1/batque/batque.omr
